<?xml version="1.0" encoding="utf-8"?><testsuites><testsuite name="pytest" errors="0" failures="0" skipped="0" tests="3" time="0.024" timestamp="2022-07-30T21:50:57.757962" hostname="romer-laptop"><testcase classname="testcases.TestClass" name="test_method1[1-2]" time="0.001"><properties><property name="test_id" value="1501" /></properties></testcase><testcase classname="testcases.TestClass" name="test_method1[2-3]" time="0.001"><properties><property name="test_id" value="1501" /></properties></testcase><testcase classname="testcases.TestClass" name="test_method2" time="0.001"><properties><property name="test_id" value="1502" /></properties></testcase></testsuite></testsuites>